Jamess-MacBook-Pro:Packages joliver$ tshark -r ~/dump.log -qz "io,stat,1,SUM(ip.len)ip.len"

============================
| IO Statistics            |
|                          |
| Duration: 113. 86324 secs|
| Interval:   1 secs       |
|                          |
| Col 1: SUM(ip.len)ip.len |
|--------------------------|
|            |1         |  |
| Interval   |    SUM   |  |
|-----------------------|  |
|   0 <>   1 |  2652080 |  |
|   1 <>   2 |    29218 |  |
|   2 <>   3 | 17926321 |  |
|   3 <>   4 |  8055968 |  |
|   4 <>   5 |  4674564 |  |
|   5 <>   6 |  1082607 |  |
|   6 <>   7 |  1438006 |  |
|   7 <>   8 |  1014826 |  |
|   8 <>   9 |  2239612 |  |
|   9 <>  10 |  3266503 |  |
|  10 <>  11 | 12295662 |  |
|  11 <>  12 |  3540511 |  |
|  12 <>  13 |   752446 |  |
|  13 <>  14 |   350891 |  |
|  14 <>  15 | 10381238 |  |
|  15 <>  16 |  2753618 |  |
|  16 <>  17 |  2054169 |  |
|  17 <>  18 | 17320262 |  |
|  18 <>  19 |  9214660 |  |
|  19 <>  20 |  4784796 |  |
|  20 <>  21 |  1867308 |  |
|  21 <>  22 |   587754 |  |
|  22 <>  23 |   377090 |  |
|  23 <>  24 |   238266 |  |
|  24 <>  25 |      744 |  |
|  25 <>  26 |    46384 |  |
|  26 <>  27 |      432 |  |
|  27 <>  28 |   174919 |  |
|  28 <>  29 |   484627 |  |
|  29 <>  30 |   624732 |  |
|  30 <>  31 |  1342100 |  |
|  31 <>  32 |  8296836 |  |
|  32 <>  33 | 17353537 |  |
|  33 <>  34 |  3940278 |  |
|  34 <>  35 |  3230047 |  |
|  35 <>  36 |  1870021 |  |
|  36 <>  37 | 11076145 |  |
|  37 <>  38 |  4806686 |  |
|  38 <>  39 |  2149316 |  |
|  39 <>  40 |   437940 |  |
|  40 <>  41 |   362971 |  |
|  41 <>  42 |    19351 |  |
|  42 <>  43 |   712956 |  |
|  43 <>  44 |    97108 |  |
|  44 <>  45 |   218450 |  |
|  45 <>  46 |  1412041 |  |
|  46 <>  47 |   693823 |  |
|  47 <>  48 |  1788179 |  |
|  48 <>  49 |   892078 |  |
|  49 <>  50 |   273064 |  |
|  50 <>  51 |   112019 |  |
|  51 <>  52 |   203449 |  |
|  52 <>  53 |     1827 |  |
|  53 <>  54 |      485 |  |
|  54 <>  55 |   341475 |  |
|  55 <>  56 |   250849 |  |
|  56 <>  57 |   249280 |  |
|  57 <>  58 |     1922 |  |
|  58 <>  59 |      485 |  |
|  59 <>  60 |      432 |  |
|  60 <>  61 |  3118445 |  |
|  61 <>  62 |  2142263 |  |
|  62 <>  63 | 19501645 |  |
|  63 <>  64 |  9256109 |  |
|  64 <>  65 |  5150751 |  |
|  65 <>  66 |   667738 |  |
|  66 <>  67 |   244062 |  |
|  67 <>  68 |  4099727 |  |
|  68 <>  69 |  8578355 |  |
|  69 <>  70 |  9468501 |  |
|  70 <>  71 |  3932005 |  |
|  71 <>  72 |   616976 |  |
|  72 <>  73 |   778396 |  |
|  73 <>  74 |   124274 |  |
|  74 <>  75 |   699895 |  |
|  75 <>  76 |  1281496 |  |
|  76 <>  77 |   130349 |  |
|  77 <>  78 |    97674 |  |
|  78 <>  79 |   245872 |  |
|  79 <>  80 |  2172445 |  |
|  80 <>  81 |  1398081 |  |
|  81 <>  82 |   294058 |  |
|  82 <>  83 |  9895339 |  |
|  83 <>  84 |  6747075 |  |
|  84 <>  85 |   618804 |  |
|  85 <>  86 |   242536 |  |
|  86 <>  87 |    10039 |  |
|  87 <>  88 |     2263 |  |
|  88 <>  89 |   206072 |  |
|  89 <>  90 |   278047 |  |
|  90 <>  91 |   890827 |  |
|  91 <>  92 |   297825 |  |
|  92 <>  93 | 16234940 |  |
|  93 <>  94 |  7820015 |  |
|  94 <>  95 |  5500600 |  |
|  95 <>  96 |  1338174 |  |
|  96 <>  97 |  1837864 |  |
|  97 <>  98 | 12963724 |  |
|  98 <>  99 |  3377330 |  |
|  99 <> 100 |  3289097 |  |
| 100 <> 101 |  5621253 |  |
| 101 <> 102 |  8985169 |  |
| 102 <> 103 |  3761648 |  |
| 103 <> 104 |  1200628 |  |
| 104 <> 105 |   259618 |  |
| 105 <> 106 |   932958 |  |
| 106 <> 107 |    19515 |  |
| 107 <> 108 |   146729 |  |
| 108 <> 109 |    17336 |  |
| 109 <> 110 |  1689205 |  |
| 110 <> 111 |   981363 |  |
| 111 <> 112 |   224834 |  |
| 112 <> 113 |   387982 |  |
| 113 <> Dur |      104 |  |
============================